<?xml version="1.0" encoding="UTF-8"?>
<robot generator="Robot 7.2.2 (Python 3.13.2 on win32)" generated="2025-03-10T01:14:25.703877" rpa="false" schemaversion="5">
<suite id="s1" name="InputBox" source="C:\Users\Vedaarth\PycharmProjects\PythonProject\Test Cases\InputBox.robot">
<test id="s1-t1" name="TestingInputBox" line="9">
<kw name="Open Browser" owner="SeleniumLibrary">
<msg time="2025-03-10T01:14:26.335015" level="INFO">Opening browser 'chrome' to base url 'https://demo.nopcommerce.com/'.</msg>
<arg>${url}</arg>
<arg>${browser}</arg>
<doc>Opens a new browser instance to the optional ``url``.</doc>
<status status="PASS" start="2025-03-10T01:14:26.333412" elapsed="2.585605"/>
</kw>
<kw name="Maximize Browser Window" owner="SeleniumLibrary">
<doc>Maximizes current browser window.</doc>
<status status="PASS" start="2025-03-10T01:14:28.919464" elapsed="0.046823"/>
</kw>
<kw name="Sleep" owner="BuiltIn">
<msg time="2025-03-10T01:14:31.967877" level="INFO">Slept 3 seconds.</msg>
<arg>3</arg>
<doc>Pauses the test executed for the given time.</doc>
<status status="PASS" start="2025-03-10T01:14:28.966826" elapsed="3.001517"/>
</kw>
<kw name="Title Should Be" owner="SeleniumLibrary">
<msg time="2025-03-10T01:14:31.978064" level="INFO">Page title is 'nopCommerce demo store. Home page title'.</msg>
<arg>nopCommerce demo store. Home page title</arg>
<doc>Verifies that the current page title equals ``title``.</doc>
<status status="PASS" start="2025-03-10T01:14:31.968716" elapsed="0.009727"/>
</kw>
<kw name="Click Link" owner="SeleniumLibrary">
<msg time="2025-03-10T01:14:31.979522" level="INFO">Clicking link 'xpath://a[@class='ico-login']'.</msg>
<arg>xpath://a[@class='ico-login']</arg>
<doc>Clicks a link identified by ``locator``.</doc>
<status status="PASS" start="2025-03-10T01:14:31.978785" elapsed="0.489171"/>
</kw>
<kw name="Set Variable" owner="BuiltIn">
<msg time="2025-03-10T01:14:32.469971" level="INFO">${"emailTxt"} = id:Email</msg>
<var>${"emailTxt"}</var>
<arg>id:Email</arg>
<doc>Returns the given values which can then be assigned to a variables.</doc>
<status status="PASS" start="2025-03-10T01:14:32.468850" elapsed="0.001432"/>
</kw>
<kw name="Element Should Be Visible" owner="SeleniumLibrary">
<msg time="2025-03-10T01:14:32.756446" level="INFO" html="true">&lt;/td&gt;&lt;/tr&gt;&lt;tr&gt;&lt;td colspan="3"&gt;&lt;a href="selenium-screenshot-1.png"&gt;&lt;img src="selenium-screenshot-1.png" width="800px"&gt;&lt;/a&gt;</msg>
<msg time="2025-03-10T01:14:32.757047" level="FAIL">Element with locator 'id:Email' not found.</msg>
<arg>${"emailTxt"}</arg>
<doc>Verifies that the element identified by ``locator`` is visible.</doc>
<status status="FAIL" start="2025-03-10T01:14:32.471126" elapsed="0.366229">Element with locator 'id:Email' not found.</status>
</kw>
<kw name="Element Should Be Enabled" owner="SeleniumLibrary">
<arg>${"emailTxt"}</arg>
<doc>Verifies that element identified by ``locator`` is enabled.</doc>
<status status="NOT RUN" start="2025-03-10T01:14:32.838067" elapsed="0.000254"/>
</kw>
<kw name="Input Text" owner="SeleniumLibrary">
<arg>${"emailTxt"}</arg>
<arg>deepanshuagrawal93@gmail.com</arg>
<doc>Types the given ``text`` into the text field identified by ``locator``.</doc>
<status status="NOT RUN" start="2025-03-10T01:14:32.838666" elapsed="0.000308"/>
</kw>
<kw name="Sleep" owner="BuiltIn">
<arg>5</arg>
<doc>Pauses the test executed for the given time.</doc>
<status status="NOT RUN" start="2025-03-10T01:14:32.839310" elapsed="0.000178"/>
</kw>
<kw name="Clear Element Text" owner="SeleniumLibrary">
<arg>${"emailTxt"}</arg>
<doc>Clears the value of the text-input-element identified by ``locator``.</doc>
<status status="NOT RUN" start="2025-03-10T01:14:32.839831" elapsed="0.000308"/>
</kw>
<kw name="Sleep" owner="BuiltIn">
<arg>3</arg>
<doc>Pauses the test executed for the given time.</doc>
<status status="NOT RUN" start="2025-03-10T01:14:32.840605" elapsed="0.000223"/>
</kw>
<kw name="Close Browser" owner="SeleniumLibrary">
<doc>Closes the current browser.</doc>
<status status="NOT RUN" start="2025-03-10T01:14:32.841180" elapsed="0.000220"/>
</kw>
<status status="FAIL" start="2025-03-10T01:14:26.328414" elapsed="6.513569">Element with locator 'id:Email' not found.</status>
</test>
<status status="FAIL" start="2025-03-10T01:14:25.735681" elapsed="7.107872"/>
</suite>
<statistics>
<total>
<stat pass="0" fail="1" skip="0">All Tests</stat>
</total>
<tag>
</tag>
<suite>
<stat name="InputBox" id="s1" pass="0" fail="1" skip="0">InputBox</stat>
</suite>
</statistics>
<errors>
</errors>
</robot>
