<?xml version="1.0" encoding="UTF-8"?>
<robot generator="Robot 7.2.2 (Python 3.13.2 on win32)" generated="2025-03-23T15:30:30.398998" rpa="false" schemaversion="5">
<suite id="s1" name="MouseOperations" source="C:\Users\Vedaarth\PycharmProjects\PythonProject\TestAutomationPractice\MouseOperations.robot">
<test id="s1-t1" name="MouseOperartions" line="5">
<kw name="Open Browser" owner="SeleniumLibrary">
<msg time="2025-03-23T15:30:30.694468" level="INFO">Opening browser 'chrome' to base url 'https://swisnl.github.io/jQuery-contextMenu/demo.html'.</msg>
<arg>https://swisnl.github.io/jQuery-contextMenu/demo.html</arg>
<arg>chrome</arg>
<doc>Opens a new browser instance to the optional ``url``.</doc>
<status status="PASS" start="2025-03-23T15:30:30.694053" elapsed="2.243264"/>
</kw>
<kw name="Maximize Browser Window" owner="SeleniumLibrary">
<doc>Maximizes current browser window.</doc>
<status status="PASS" start="2025-03-23T15:30:32.938447" elapsed="0.072475"/>
</kw>
<kw name="Set Selenium Speed" owner="SeleniumLibrary">
<arg>0.20</arg>
<doc>Sets the delay that is waited after each Selenium command.</doc>
<status status="PASS" start="2025-03-23T15:30:33.012010" elapsed="0.000615"/>
</kw>
<kw name="Open Context Menu" owner="SeleniumLibrary">
<arg>xpath:/html/body/div/section/div/div/div/p/span</arg>
<doc>Opens the context menu on the element identified by ``locator``.</doc>
<status status="PASS" start="2025-03-23T15:30:33.013499" elapsed="0.746134"/>
</kw>
<kw name="Sleep" owner="BuiltIn">
<msg time="2025-03-23T15:30:35.761828" level="INFO">Slept 2 seconds.</msg>
<arg>2</arg>
<doc>Pauses the test executed for the given time.</doc>
<status status="PASS" start="2025-03-23T15:30:33.760896" elapsed="2.001229"/>
</kw>
<kw name="Go To" owner="SeleniumLibrary">
<msg time="2025-03-23T15:30:35.763056" level="INFO">Opening url 'https://testautomationpractice.blogspot.com/'</msg>
<arg>https://testautomationpractice.blogspot.com/</arg>
<doc>Navigates the current browser window to the provided ``url``.</doc>
<status status="PASS" start="2025-03-23T15:30:35.762733" elapsed="5.083980"/>
</kw>
<kw name="Double Click Element" owner="SeleniumLibrary">
<msg time="2025-03-23T15:30:40.848612" level="INFO">Double clicking element 'xpath://button[normalize-space()='Copy Text']'.</msg>
<arg>xpath://button[normalize-space()='Copy Text']</arg>
<doc>Double clicks the element identified by ``locator``.</doc>
<status status="PASS" start="2025-03-23T15:30:40.847896" elapsed="0.757113"/>
</kw>
<kw name="Sleep" owner="BuiltIn">
<msg time="2025-03-23T15:30:43.606264" level="INFO">Slept 2 seconds.</msg>
<arg>2</arg>
<doc>Pauses the test executed for the given time.</doc>
<status status="PASS" start="2025-03-23T15:30:41.605619" elapsed="2.001136"/>
</kw>
<kw name="Go To" owner="SeleniumLibrary">
<msg time="2025-03-23T15:30:43.607685" level="INFO">Opening url 'http://www.dhtmlgoodies.com/scripts/drag-drop-custom/demo-drag-drop-3.html'</msg>
<arg>http://www.dhtmlgoodies.com/scripts/drag-drop-custom/demo-drag-drop-3.html</arg>
<doc>Navigates the current browser window to the provided ``url``.</doc>
<status status="PASS" start="2025-03-23T15:30:43.607424" elapsed="3.547602"/>
</kw>
<kw name="Drag And Drop" owner="SeleniumLibrary">
<arg>id:box1</arg>
<arg>id:box101</arg>
<doc>Drags the element identified by ``locator`` into the ``target`` element.</doc>
<status status="PASS" start="2025-03-23T15:30:47.156009" elapsed="1.216848"/>
</kw>
<kw name="Drag And Drop" owner="SeleniumLibrary">
<arg>id:box2</arg>
<arg>id:box102</arg>
<doc>Drags the element identified by ``locator`` into the ``target`` element.</doc>
<status status="PASS" start="2025-03-23T15:30:48.373878" elapsed="1.224629"/>
</kw>
<kw name="Drag And Drop" owner="SeleniumLibrary">
<arg>id:box3</arg>
<arg>id:box103</arg>
<doc>Drags the element identified by ``locator`` into the ``target`` element.</doc>
<status status="PASS" start="2025-03-23T15:30:49.600185" elapsed="1.186968"/>
</kw>
<kw name="Drag And Drop" owner="SeleniumLibrary">
<arg>id:box4</arg>
<arg>id:box104</arg>
<doc>Drags the element identified by ``locator`` into the ``target`` element.</doc>
<status status="PASS" start="2025-03-23T15:30:50.787963" elapsed="1.214300"/>
</kw>
<kw name="Drag And Drop" owner="SeleniumLibrary">
<arg>id:box5</arg>
<arg>id:box105</arg>
<doc>Drags the element identified by ``locator`` into the ``target`` element.</doc>
<status status="PASS" start="2025-03-23T15:30:52.003089" elapsed="1.203223"/>
</kw>
<kw name="Drag And Drop" owner="SeleniumLibrary">
<arg>id:box6</arg>
<arg>id:box106</arg>
<doc>Drags the element identified by ``locator`` into the ``target`` element.</doc>
<status status="PASS" start="2025-03-23T15:30:53.207248" elapsed="1.192602"/>
</kw>
<kw name="Drag And Drop" owner="SeleniumLibrary">
<arg>id:box7</arg>
<arg>id:box107</arg>
<doc>Drags the element identified by ``locator`` into the ``target`` element.</doc>
<status status="PASS" start="2025-03-23T15:30:54.400872" elapsed="1.204948"/>
</kw>
<kw name="Sleep" owner="BuiltIn">
<msg time="2025-03-23T15:30:57.607694" level="INFO">Slept 2 seconds.</msg>
<arg>2</arg>
<doc>Pauses the test executed for the given time.</doc>
<status status="PASS" start="2025-03-23T15:30:55.606684" elapsed="2.001318"/>
</kw>
<kw name="Capture Page Screenshot" owner="SeleniumLibrary">
<msg time="2025-03-23T15:30:57.969553" level="INFO" html="true">&lt;/td&gt;&lt;/tr&gt;&lt;tr&gt;&lt;td colspan="3"&gt;&lt;a href="selenium-screenshot-1.png"&gt;&lt;img src="selenium-screenshot-1.png" width="800px"&gt;&lt;/a&gt;</msg>
<doc>Takes a screenshot of the current page and embeds it into a log file.</doc>
<status status="PASS" start="2025-03-23T15:30:57.608891" elapsed="0.360927"/>
</kw>
<status status="PASS" start="2025-03-23T15:30:30.692977" elapsed="27.277476"/>
</test>
<status status="PASS" start="2025-03-23T15:30:30.401219" elapsed="27.572060"/>
</suite>
<statistics>
<total>
<stat pass="1" fail="0" skip="0">All Tests</stat>
</total>
<tag>
</tag>
<suite>
<stat name="MouseOperations" id="s1" pass="1" fail="0" skip="0">MouseOperations</stat>
</suite>
</statistics>
<errors>
</errors>
</robot>
