<?xml version="1.0" encoding="UTF-8"?>
<robot generator="Robot 7.2.2 (Python 3.13.2 on win32)" generated="2025-03-15T16:39:33.231212" rpa="false" schemaversion="5">
<suite id="s1" name="TestcaseE2E" source="C:\Users\Vedaarth\PycharmProjects\PythonProject\DemoWebShop\TestcaseE2E.robot">
<test id="s1-t1" name="E2E" line="10">
<kw name="Open Browser" owner="SeleniumLibrary">
<msg time="2025-03-15T16:39:33.469675" level="INFO">Opening browser 'chrome' to base url 'https://demowebshop.tricentis.com/register'.</msg>
<arg>${url}</arg>
<arg>${browser}</arg>
<doc>Opens a new browser instance to the optional ``url``.</doc>
<status status="PASS" start="2025-03-15T16:39:33.469410" elapsed="3.941593"/>
</kw>
<kw name="Maximize Browser Window" owner="SeleniumLibrary">
<doc>Maximizes current browser window.</doc>
<status status="PASS" start="2025-03-15T16:39:37.411923" elapsed="0.041280"/>
</kw>
<kw name="Set Selenium Speed" owner="SeleniumLibrary">
<arg>0.15seconds</arg>
<doc>Sets the delay that is waited after each Selenium command.</doc>
<status status="PASS" start="2025-03-15T16:39:37.454129" elapsed="0.000415"/>
</kw>
<kw name="Get Selenium Implicit Wait" owner="SeleniumLibrary">
<doc>Gets the implicit wait value used by Selenium.</doc>
<status status="PASS" start="2025-03-15T16:39:37.455026" elapsed="0.000193"/>
</kw>
<kw name="Login">
<kw name="Click Link" owner="SeleniumLibrary">
<msg time="2025-03-15T16:39:37.456351" level="INFO">Clicking link 'Log in'.</msg>
<arg>Log in</arg>
<doc>Clicks a link identified by ``locator``.</doc>
<status status="PASS" start="2025-03-15T16:39:37.456084" elapsed="1.033822"/>
</kw>
<kw name="Capture Page Screenshot" owner="SeleniumLibrary">
<msg time="2025-03-15T16:39:38.768144" level="INFO" html="true">&lt;/td&gt;&lt;/tr&gt;&lt;tr&gt;&lt;td colspan="3"&gt;&lt;a href="selenium-screenshot-4.png"&gt;&lt;img src="selenium-screenshot-4.png" width="800px"&gt;&lt;/a&gt;</msg>
<doc>Takes a screenshot of the current page and embeds it into a log file.</doc>
<status status="PASS" start="2025-03-15T16:39:38.490175" elapsed="0.278152"/>
</kw>
<kw name="Input Text" owner="SeleniumLibrary">
<msg time="2025-03-15T16:39:38.768962" level="INFO">Typing text 'babyjohn@gmail.com' into text field 'name:Email'.</msg>
<arg>name:Email</arg>
<arg>babyjohn@gmail.com</arg>
<doc>Types the given ``text`` into the text field identified by ``locator``.</doc>
<status status="PASS" start="2025-03-15T16:39:38.768646" elapsed="0.662991"/>
</kw>
<kw name="Input Password" owner="SeleniumLibrary">
<msg time="2025-03-15T16:39:39.432311" level="INFO">Typing password into text field 'name:Password'.</msg>
<msg time="2025-03-15T16:39:39.801180" level="INFO">Temporally setting log level to: NONE</msg>
<arg>name:Password</arg>
<arg>@Test123</arg>
<doc>Types the given password into the text field identified by ``locator``.</doc>
<status status="PASS" start="2025-03-15T16:39:39.431990" elapsed="0.619274"/>
</kw>
<kw name="Click Button" owner="SeleniumLibrary">
<msg time="2025-03-15T16:39:40.051828" level="INFO">Clicking button 'Log in'.</msg>
<arg>Log in</arg>
<doc>Clicks the button identified by ``locator``.</doc>
<status status="PASS" start="2025-03-15T16:39:40.051568" elapsed="4.314281"/>
</kw>
<status status="PASS" start="2025-03-15T16:39:37.455713" elapsed="6.910662"/>
</kw>
<kw name="Close Browser" owner="SeleniumLibrary">
<doc>Closes the current browser.</doc>
<status status="PASS" start="2025-03-15T16:39:44.367383" elapsed="2.314245"/>
</kw>
<status status="PASS" start="2025-03-15T16:39:33.468472" elapsed="13.213693"/>
</test>
<status status="PASS" start="2025-03-15T16:39:33.232443" elapsed="13.451536"/>
</suite>
<statistics>
<total>
<stat pass="1" fail="0" skip="0">All Tests</stat>
</total>
<tag>
</tag>
<suite>
<stat name="TestcaseE2E" id="s1" pass="1" fail="0" skip="0">TestcaseE2E</stat>
</suite>
</statistics>
<errors>
</errors>
</robot>
